<?xml version="1.0" encoding="UTF-8"?>
<!-- Generated by org.testng.reporters.JUnitXMLReporter -->
<testsuite ignored="1" hostname="LAPTOP-3NPM5AHR" failures="0" tests="1" name="Login_Do Login" time="42.033" errors="0" timestamp="2022-06-17T17:29:23 IST">
  <testcase classname="com.sourcepro.Login.LoginIndex" name="login" time="16.264"/>
  <testcase classname="com.sourcepro.Login.LoginIndex" name="logout" time="0.0">
    <ignored/>
  </testcase> <!-- logout -->
</testsuite> <!-- Login_Do Login -->
