<?xml version="1.0" encoding="UTF-8"?>
<!-- Generated by org.testng.reporters.JUnitXMLReporter -->
<testsuite ignored="1" hostname="LAPTOP-3NPM5AHR" failures="0" tests="1" name="Login_Do Loginnnnnn" time="20.63" errors="0" timestamp="2022-06-20T10:57:24 IST">
  <testcase classname="com.sourcepro.Login.LoginIndex" name="login" time="16.178"/>
  <testcase classname="com.sourcepro.Login.LoginIndex" name="logout" time="0.0">
    <ignored/>
  </testcase> <!-- logout -->
</testsuite> <!-- Login_Do Loginnnnnn -->
